::1 - - [29/Jun/2018:12:04:51 +0000] "GET /api/sandnes HTTP/1.1" 304 -
::1 - - [29/Jun/2018:12:04:51 +0000] "GET /getlog HTTP/1.1" - -
::1 - - [29/Jun/2018:12:04:51 +0000] "GET /api/sandnes HTTP/1.1" 200 93994
::1 - - [29/Jun/2018:12:06:13 +0000] "GET /api/sandnes HTTP/1.1" 200 93994
::1 - - [29/Jun/2018:12:07:30 +0000] "GET /api/sandnes HTTP/1.1" 304 -
::1 - - [29/Jun/2018:12:07:31 +0000] "GET /getlog HTTP/1.1" - -
::1 - - [29/Jun/2018:12:07:31 +0000] "GET /api/stavanger HTTP/1.1" 200 93926
::1 - - [29/Jun/2018:12:39:44 +0000] "GET /getlog HTTP/1.1" 500 1444
::1 - - [29/Jun/2018:12:40:03 +0000] "GET /getlog HTTP/1.1" 500 1444
::1 - - [29/Jun/2018:12:40:28 +0000] "GET /api HTTP/1.1" 500 1444
::1 - - [29/Jun/2018:12:40:38 +0000] "GET /api HTTP/1.1" 500 1444
::1 - - [29/Jun/2018:12:40:41 +0000] "GET / HTTP/1.1" 304 -
::1 - - [29/Jun/2018:12:40:42 +0000] "GET /database/ HTTP/1.1" 304 -
::1 - - [29/Jun/2018:12:40:43 +0000] "GET /database/ HTTP/1.1" 200 27
::1 - - [29/Jun/2018:12:40:48 +0000] "GET /getlog HTTP/1.1" 500 1444
::1 - - [29/Jun/2018:12:41:08 +0000] "GET /getlog HTTP/1.1" 200 26
::1 - - [29/Jun/2018:12:41:47 +0000] "GET /getlog HTTP/1.1" 500 1444
::1 - - [29/Jun/2018:12:41:48 +0000] "GET /getlog HTTP/1.1" 500 1444
::1 - - [29/Jun/2018:12:43:37 +0000] "GET /getlog HTTP/1.1" 500 1444
::1 - - [29/Jun/2018:12:43:39 +0000] "GET /getlog HTTP/1.1" 500 1444
::1 - - [29/Jun/2018:12:43:40 +0000] "GET /getlog HTTP/1.1" 500 1444
::1 - - [29/Jun/2018:12:43:51 +0000] "GET /getlog HTTP/1.1" 200 -
::1 - - [29/Jun/2018:12:43:54 +0000] "GET /getlog HTTP/1.1" 200 -
::1 - - [29/Jun/2018:12:44:16 +0000] "GET /getlog HTTP/1.1" 404 1444
::1 - - [29/Jun/2018:12:44:30 +0000] "GET /getlog HTTP/1.1" 404 1444
::1 - - [29/Jun/2018:12:44:32 +0000] "GET /getlog HTTP/1.1" 404 1444
::1 - - [29/Jun/2018:12:45:13 +0000] "GET /getlog HTTP/1.1" 404 1444
::1 - - [29/Jun/2018:12:45:41 +0000] "GET /getlog HTTP/1.1" 404 1444
::1 - - [29/Jun/2018:12:45:59 +0000] "GET /getlog HTTP/1.1" 200 -
::1 - - [29/Jun/2018:12:46:30 +0000] "GET / HTTP/1.1" 304 -
